11-Jun-2018 19:30:32.666 信息 [main] org.apache.catalina.startup.VersionLoggerListener.log Server version:        Apache Tomcat/9.0.8
11-Jun-2018 19:30:32.666 信息 [main] org.apache.catalina.startup.VersionLoggerListener.log Server built:          Apr 27 2018 19:32:00 UTC
11-Jun-2018 19:30:32.666 信息 [main] org.apache.catalina.startup.VersionLoggerListener.log Server number:         9.0.8.0
11-Jun-2018 19:30:32.666 信息 [main] org.apache.catalina.startup.VersionLoggerListener.log OS Name:               Windows 7
11-Jun-2018 19:30:32.666 信息 [main] org.apache.catalina.startup.VersionLoggerListener.log OS Version:            6.1
11-Jun-2018 19:30:32.666 信息 [main] org.apache.catalina.startup.VersionLoggerListener.log Architecture:          amd64
11-Jun-2018 19:30:32.666 信息 [main] org.apache.catalina.startup.VersionLoggerListener.log Java Home:             C:\Program Files\Java\jdk1.8.0_101\jre
11-Jun-2018 19:30:32.666 信息 [main] org.apache.catalina.startup.VersionLoggerListener.log JVM Version:           1.8.0_101-b13
11-Jun-2018 19:30:32.666 信息 [main] org.apache.catalina.startup.VersionLoggerListener.log JVM Vendor:            Oracle Corporation
11-Jun-2018 19:30:32.666 信息 [main] org.apache.catalina.startup.VersionLoggerListener.log CATALINA_BASE:         G:\web\tomcat2\apache-tomcat-9.0.8
11-Jun-2018 19:30:32.682 信息 [main] org.apache.catalina.startup.VersionLoggerListener.log CATALINA_HOME:         G:\web\tomcat2\apache-tomcat-9.0.8
11-Jun-2018 19:30:32.682 信息 [main] org.apache.catalina.startup.VersionLoggerListener.log Command line argument: -Djava.util.logging.config.file=G:\web\tomcat2\apache-tomcat-9.0.8\conf\logging.properties
11-Jun-2018 19:30:32.682 信息 [main] org.apache.catalina.startup.VersionLoggerListener.log Command line argument: -Djava.util.logging.manager=org.apache.juli.ClassLoaderLogManager
11-Jun-2018 19:30:32.682 信息 [main] org.apache.catalina.startup.VersionLoggerListener.log Command line argument: -Djdk.tls.ephemeralDHKeySize=2048
11-Jun-2018 19:30:32.682 信息 [main] org.apache.catalina.startup.VersionLoggerListener.log Command line argument: -Djava.protocol.handler.pkgs=org.apache.catalina.webresources
11-Jun-2018 19:30:32.682 信息 [main] org.apache.catalina.startup.VersionLoggerListener.log Command line argument: -Dignore.endorsed.dirs=
11-Jun-2018 19:30:32.682 信息 [main] org.apache.catalina.startup.VersionLoggerListener.log Command line argument: -Dcatalina.base=G:\web\tomcat2\apache-tomcat-9.0.8
11-Jun-2018 19:30:32.682 信息 [main] org.apache.catalina.startup.VersionLoggerListener.log Command line argument: -Dcatalina.home=G:\web\tomcat2\apache-tomcat-9.0.8
11-Jun-2018 19:30:32.682 信息 [main] org.apache.catalina.startup.VersionLoggerListener.log Command line argument: -Djava.io.tmpdir=G:\web\tomcat2\apache-tomcat-9.0.8\temp
11-Jun-2018 19:30:32.682 信息 [main] org.apache.catalina.core.AprLifecycleListener.lifecycleEvent Loaded APR based Apache Tomcat Native library [1.2.16] using APR version [1.6.3].
11-Jun-2018 19:30:32.682 信息 [main] org.apache.catalina.core.AprLifecycleListener.lifecycleEvent APR capabilities: IPv6 [true], sendfile [true], accept filters [false], random [true].
11-Jun-2018 19:30:32.698 信息 [main] org.apache.catalina.core.AprLifecycleListener.lifecycleEvent APR/OpenSSL configuration: useAprConnector [false], useOpenSSL [true]
11-Jun-2018 19:30:33.760 信息 [main] org.apache.catalina.core.AprLifecycleListener.initializeSSL OpenSSL successfully initialized [OpenSSL 1.0.2m  2 Nov 2017]
11-Jun-2018 19:30:33.916 信息 [main] org.apache.coyote.AbstractProtocol.init Initializing ProtocolHandler ["http-nio-8081"]
11-Jun-2018 19:30:34.073 信息 [main] org.apache.tomcat.util.net.NioSelectorPool.getSharedSelector Using a shared selector for servlet write/read
11-Jun-2018 19:30:34.073 信息 [main] org.apache.coyote.AbstractProtocol.init Initializing ProtocolHandler ["ajp-nio-8010"]
11-Jun-2018 19:30:34.088 信息 [main] org.apache.tomcat.util.net.NioSelectorPool.getSharedSelector Using a shared selector for servlet write/read
11-Jun-2018 19:30:34.088 信息 [main] org.apache.catalina.startup.Catalina.load Initialization processed in 1849 ms
11-Jun-2018 19:30:34.120 信息 [main] org.apache.catalina.core.StandardService.startInternal Starting service [Catalina]
11-Jun-2018 19:30:34.120 信息 [main] org.apache.catalina.core.StandardEngine.startInternal Starting Servlet Engine: Apache Tomcat/9.0.8
11-Jun-2018 19:30:34.144 信息 [main] org.apache.catalina.startup.HostConfig.deployDirectory Deploying web application directory [G:\web\tomcat2\apache-tomcat-9.0.8\webapps\docs]
11-Jun-2018 19:30:34.582 信息 [main] org.apache.catalina.startup.HostConfig.deployDirectory Deployment of web application directory [G:\web\tomcat2\apache-tomcat-9.0.8\webapps\docs] has finished in [438] ms
11-Jun-2018 19:30:34.582 信息 [main] org.apache.catalina.startup.HostConfig.deployDirectory Deploying web application directory [G:\web\tomcat2\apache-tomcat-9.0.8\webapps\examples]
11-Jun-2018 19:30:35.097 信息 [main] org.apache.catalina.startup.HostConfig.deployDirectory Deployment of web application directory [G:\web\tomcat2\apache-tomcat-9.0.8\webapps\examples] has finished in [515] ms
11-Jun-2018 19:30:35.097 信息 [main] org.apache.catalina.startup.HostConfig.deployDirectory Deploying web application directory [G:\web\tomcat2\apache-tomcat-9.0.8\webapps\host-manager]
11-Jun-2018 19:30:35.176 信息 [main] org.apache.catalina.startup.HostConfig.deployDirectory Deployment of web application directory [G:\web\tomcat2\apache-tomcat-9.0.8\webapps\host-manager] has finished in [79] ms
11-Jun-2018 19:30:35.176 信息 [main] org.apache.catalina.startup.HostConfig.deployDirectory Deploying web application directory [G:\web\tomcat2\apache-tomcat-9.0.8\webapps\manager]
11-Jun-2018 19:30:35.223 信息 [main] org.apache.catalina.startup.HostConfig.deployDirectory Deployment of web application directory [G:\web\tomcat2\apache-tomcat-9.0.8\webapps\manager] has finished in [47] ms
11-Jun-2018 19:30:35.223 信息 [main] org.apache.catalina.startup.HostConfig.deployDirectory Deploying web application directory [G:\web\tomcat2\apache-tomcat-9.0.8\webapps\ROOT]
11-Jun-2018 19:30:35.254 信息 [main] org.apache.catalina.startup.HostConfig.deployDirectory Deployment of web application directory [G:\web\tomcat2\apache-tomcat-9.0.8\webapps\ROOT] has finished in [31] ms
11-Jun-2018 19:30:35.270 信息 [main] org.apache.coyote.AbstractProtocol.start Starting ProtocolHandler ["http-nio-8081"]
11-Jun-2018 19:30:35.270 信息 [main] org.apache.coyote.AbstractProtocol.start Starting ProtocolHandler ["ajp-nio-8010"]
11-Jun-2018 19:30:35.286 信息 [main] org.apache.catalina.startup.Catalina.start Server startup in 1141 ms
